<?xml version="1.0" encoding="UTF-8"?>
<!-- Generated by org.testng.reporters.JUnitReportReporter -->
<testsuite hostname="DESKTOP-MOB5JUI" failures="0" tests="1" name="com.ijmeet.Tests.LoginTest" time="0.000" errors="0" timestamp="2022-08-04T16:06:12 IST" skipped="1">
  <testcase classname="com.ijmeet.Tests.LoginTest" name="verityloginToijmeetBy" time="0.000">
    <skipped/>
  </testcase> <!-- verityloginToijmeetBy -->
  <system-out/>
</testsuite> <!-- com.ijmeet.Tests.LoginTest -->
